# JRE version: Java(TM) SE Runtime Environment (8.0_341-b10) (build 1.8.0_341-b10)
# Java VM: Java HotSpot(TM) 64-Bit Server VM (25.341-b10 mixed mode windows-amd64 compressed oops)
Heap:
 PSYoungGen      total 240640K, used 48086K [0x000000078b380000, 0x000000079b980000, 0x00000007c0000000)
  eden space 220160K, 12% used [0x000000078b380000,0x000000078ce79380,0x0000000798a80000)
  from space 20480K, 99% used [0x000000079a200000,0x000000079b5fc788,0x000000079b600000)
  to   space 24064K, 0% used [0x0000000798a80000,0x0000000798a80000,0x000000079a200000)
 ParOldGen       total 88064K, used 33925K [0x0000000721a00000, 0x0000000727000000, 0x000000078b380000)
  object space 88064K, 38% used [0x0000000721a00000,0x0000000723b21730,0x0000000727000000)
 Metaspace       used 30849K, capacity 31554K, committed 31744K, reserved 1077248K
  class space    used 3513K, capacity 3724K, committed 3840K, reserved 1048576K
GC Heap History (10 events):
Event: 5.797 GC heap before
{Heap before GC invocations=5 (full 0):
 PSYoungGen      total 88576K, used 88560K [0x000000078b380000, 0x0000000791080000, 0x00000007c0000000)
  eden space 81920K, 100% used [0x000000078b380000,0x0000000790380000,0x0000000790380000)
  from space 6656K, 99% used [0x0000000790a00000,0x000000079107c030,0x0000000791080000)
  to   space 6656K, 0% used [0x0000000790380000,0x0000000790380000,0x0000000790a00000)
 ParOldGen       total 109568K, used 6540K [0x0000000721a00000, 0x0000000728500000, 0x000000078b380000)
  object space 109568K, 5% used [0x0000000721a00000,0x0000000722063090,0x0000000728500000)
 Metaspace       used 16879K, capacity 17326K, committed 17536K, reserved 1064960K
  class space    used 1944K, capacity 2061K, committed 2176K, reserved 1048576K
Event: 5.817 GC heap after
Heap after GC invocations=5 (full 0):
 PSYoungGen      total 88576K, used 6640K [0x000000078b380000, 0x0000000796980000, 0x00000007c0000000)
  eden space 81920K, 0% used [0x000000078b380000,0x000000078b380000,0x0000000790380000)
  from space 6656K, 99% used [0x0000000790380000,0x00000007909fc030,0x0000000790a00000)
  to   space 11264K, 0% used [0x0000000795e80000,0x0000000795e80000,0x0000000796980000)
 ParOldGen       total 109568K, used 10825K [0x0000000721a00000, 0x0000000728500000, 0x000000078b380000)
  object space 109568K, 9% used [0x0000000721a00000,0x00000007224925d0,0x0000000728500000)
 Metaspace       used 16879K, capacity 17326K, committed 17536K, reserved 1064960K
  class space    used 1944K, capacity 2061K, committed 2176K, reserved 1048576K
}
Event: 7.357 GC heap before
{Heap before GC invocations=6 (full 0):
 PSYoungGen      total 88576K, used 55985K [0x000000078b380000, 0x0000000796980000, 0x00000007c0000000)
  eden space 81920K, 60% used [0x000000078b380000,0x000000078e3b04f0,0x0000000790380000)
  from space 6656K, 99% used [0x0000000790380000,0x00000007909fc030,0x0000000790a00000)
  to   space 11264K, 0% used [0x0000000795e80000,0x0000000795e80000,0x0000000796980000)
 ParOldGen       total 109568K, used 10825K [0x0000000721a00000, 0x0000000728500000, 0x000000078b380000)
  object space 109568K, 9% used [0x0000000721a00000,0x00000007224925d0,0x0000000728500000)
 Metaspace       used 20847K, capacity 21240K, committed 21248K, reserved 1069056K
  class space    used 2452K, capacity 2558K, committed 2560K, reserved 1048576K
Event: 7.384 GC heap after
Heap after GC invocations=6 (full 0):
 PSYoungGen      total 174592K, used 10287K [0x000000078b380000, 0x0000000796a80000, 0x00000007c0000000)
  eden space 163328K, 0% used [0x000000078b380000,0x000000078b380000,0x0000000795300000)
  from space 11264K, 91% used [0x0000000795e80000,0x000000079688bfe0,0x0000000796980000)
  to   space 11776K, 0% used [0x0000000795300000,0x0000000795300000,0x0000000795e80000)
 ParOldGen       total 109568K, used 10833K [0x0000000721a00000, 0x0000000728500000, 0x000000078b380000)
  object space 109568K, 9% used [0x0000000721a00000,0x00000007224945d0,0x0000000728500000)
 Metaspace       used 20847K, capacity 21240K, committed 21248K, reserved 1069056K
  class space    used 2452K, capacity 2558K, committed 2560K, reserved 1048576K
}
Event: 7.384 GC heap before
{Heap before GC invocations=7 (full 1):
 PSYoungGen      total 174592K, used 10287K [0x000000078b380000, 0x0000000796a80000, 0x00000007c0000000)
  eden space 163328K, 0% used [0x000000078b380000,0x000000078b380000,0x0000000795300000)
  from space 11264K, 91% used [0x0000000795e80000,0x000000079688bfe0,0x0000000796980000)
  to   space 11776K, 0% used [0x0000000795300000,0x0000000795300000,0x0000000795e80000)
 ParOldGen       total 109568K, used 10833K [0x0000000721a00000, 0x0000000728500000, 0x000000078b380000)
  object space 109568K, 9% used [0x0000000721a00000,0x00000007224945d0,0x0000000728500000)
 Metaspace       used 20847K, capacity 21240K, committed 21248K, reserved 1069056K
  class space    used 2452K, capacity 2558K, committed 2560K, reserved 1048576K
Event: 7.587 GC heap after
Heap after GC invocations=7 (full 1):
 PSYoungGen      total 174592K, used 0K [0x000000078b380000, 0x0000000796a80000, 0x00000007c0000000)
  eden space 163328K, 0% used [0x000000078b380000,0x000000078b380000,0x0000000795300000)
  from space 11264K, 0% used [0x0000000795e80000,0x0000000795e80000,0x0000000796980000)
  to   space 11776K, 0% used [0x0000000795300000,0x0000000795300000,0x0000000795e80000)
 ParOldGen       total 88064K, used 16480K [0x0000000721a00000, 0x0000000727000000, 0x000000078b380000)
  object space 88064K, 18% used [0x0000000721a00000,0x0000000722a18238,0x0000000727000000)
 Metaspace       used 20847K, capacity 21240K, committed 21248K, reserved 1069056K
  class space    used 2452K, capacity 2558K, committed 2560K, reserved 1048576K
}
Event: 12.604 GC heap before
{Heap before GC invocations=8 (full 1):
 PSYoungGen      total 174592K, used 163328K [0x000000078b380000, 0x0000000796a80000, 0x00000007c0000000)
  eden space 163328K, 100% used [0x000000078b380000,0x0000000795300000,0x0000000795300000)
  from space 11264K, 0% used [0x0000000795e80000,0x0000000795e80000,0x0000000796980000)
  to   space 11776K, 0% used [0x0000000795300000,0x0000000795300000,0x0000000795e80000)
 ParOldGen       total 88064K, used 16480K [0x0000000721a00000, 0x0000000727000000, 0x000000078b380000)
  object space 88064K, 18% used [0x0000000721a00000,0x0000000722a18238,0x0000000727000000)
 Metaspace       used 24199K, capacity 24682K, committed 24960K, reserved 1071104K
  class space    used 2752K, capacity 2894K, committed 2944K, reserved 1048576K
Event: 12.682 GC heap after
Heap after GC invocations=8 (full 1):
 PSYoungGen      total 175104K, used 11762K [0x000000078b380000, 0x000000079b600000, 0x00000007c0000000)
  eden space 163328K, 0% used [0x000000078b380000,0x000000078b380000,0x0000000795300000)
  from space 11776K, 99% used [0x0000000795300000,0x0000000795e7cb78,0x0000000795e80000)
  to   space 20480K, 0% used [0x000000079a200000,0x000000079a200000,0x000000079b600000)
 ParOldGen       total 88064K, used 32442K [0x0000000721a00000, 0x0000000727000000, 0x000000078b380000)
  object space 88064K, 36% used [0x0000000721a00000,0x00000007239aeb50,0x0000000727000000)
 Metaspace       used 24199K, capacity 24682K, committed 24960K, reserved 1071104K
  class space    used 2752K, capacity 2894K, committed 2944K, reserved 1048576K
}
Event: 16.758 GC heap before
{Heap before GC invocations=9 (full 1):
 PSYoungGen      total 175104K, used 175090K [0x000000078b380000, 0x000000079b600000, 0x00000007c0000000)
  eden space 163328K, 100% used [0x000000078b380000,0x0000000795300000,0x0000000795300000)
  from space 11776K, 99% used [0x0000000795300000,0x0000000795e7cb78,0x0000000795e80000)
  to   space 20480K, 0% used [0x000000079a200000,0x000000079a200000,0x000000079b600000)
 ParOldGen       total 88064K, used 32442K [0x0000000721a00000, 0x0000000727000000, 0x000000078b380000)
  object space 88064K, 36% used [0x0000000721a00000,0x00000007239aeb50,0x0000000727000000)
 Metaspace       used 29843K, capacity 30626K, committed 30848K, reserved 1077248K
  class space    used 3391K, capacity 3628K, committed 3712K, reserved 1048576K
Event: 16.801 GC heap after
Heap after GC invocations=9 (full 1):
 PSYoungGen      total 240640K, used 20465K [0x000000078b380000, 0x000000079b980000, 0x00000007c0000000)
  eden space 220160K, 0% used [0x000000078b380000,0x000000078b380000,0x0000000798a80000)
  from space 20480K, 99% used [0x000000079a200000,0x000000079b5fc788,0x000000079b600000)
  to   space 24064K, 0% used [0x0000000798a80000,0x0000000798a80000,0x000000079a200000)
 ParOldGen       total 88064K, used 33925K [0x0000000721a00000, 0x0000000727000000, 0x000000078b380000)
  object space 88064K, 38% used [0x0000000721a00000,0x0000000723b21730,0x0000000727000000)
 Metaspace       used 29843K, capacity 30626K, committed 30848K, reserved 1077248K
  class space    used 3391K, capacity 3628K, committed 3712K, reserved 1048576K
}

