# JRE version: Java(TM) SE Runtime Environment (8.0_341-b10) (build 1.8.0_341-b10)
# Java VM: Java HotSpot(TM) 64-Bit Server VM (25.341-b10 mixed mode windows-amd64 compressed oops)
Heap:
 PSYoungGen      total 223232K, used 9271K [0x000000078b380000, 0x000000079a100000, 0x00000007c0000000)
  eden space 213504K, 4% used [0x000000078b380000,0x000000078bc8de48,0x0000000798400000)
  from space 9728K, 0% used [0x0000000799180000,0x0000000799180000,0x0000000799b00000)
  to   space 13824K, 0% used [0x0000000798400000,0x0000000798400000,0x0000000799180000)
 ParOldGen       total 171520K, used 32990K [0x0000000721a00000, 0x000000072c180000, 0x000000078b380000)
  object space 171520K, 19% used [0x0000000721a00000,0x0000000723a37ad8,0x000000072c180000)
 Metaspace       used 55933K, capacity 59004K, committed 59096K, reserved 1099776K
  class space    used 7463K, capacity 8285K, committed 8320K, reserved 1048576K
GC Heap History (10 events):
Event: 11.619 GC heap before
{Heap before GC invocations=11 (full 2):
 PSYoungGen      total 175616K, used 175576K [0x000000078b380000, 0x0000000797000000, 0x00000007c0000000)
  eden space 173056K, 100% used [0x000000078b380000,0x0000000795c80000,0x0000000795c80000)
  from space 2560K, 98% used [0x0000000796d80000,0x0000000796ff60e8,0x0000000797000000)
  to   space 9728K, 0% used [0x0000000795d00000,0x0000000795d00000,0x0000000796680000)
 ParOldGen       total 108032K, used 13237K [0x0000000721a00000, 0x0000000728380000, 0x000000078b380000)
  object space 108032K, 12% used [0x0000000721a00000,0x00000007226ed680,0x0000000728380000)
 Metaspace       used 36767K, capacity 38716K, committed 38912K, reserved 1083392K
  class space    used 4830K, capacity 5280K, committed 5376K, reserved 1048576K
Event: 11.633 GC heap after
Heap after GC invocations=11 (full 2):
 PSYoungGen      total 183296K, used 7062K [0x000000078b380000, 0x0000000799b00000, 0x00000007c0000000)
  eden space 173568K, 0% used [0x000000078b380000,0x000000078b380000,0x0000000795d00000)
  from space 9728K, 72% used [0x0000000795d00000,0x00000007963e5860,0x0000000796680000)
  to   space 9728K, 0% used [0x0000000799180000,0x0000000799180000,0x0000000799b00000)
 ParOldGen       total 108032K, used 13245K [0x0000000721a00000, 0x0000000728380000, 0x000000078b380000)
  object space 108032K, 12% used [0x0000000721a00000,0x00000007226ef680,0x0000000728380000)
 Metaspace       used 36767K, capacity 38716K, committed 38912K, reserved 1083392K
  class space    used 4830K, capacity 5280K, committed 5376K, reserved 1048576K
}
Event: 16.863 GC heap before
{Heap before GC invocations=12 (full 2):
 PSYoungGen      total 183296K, used 180630K [0x000000078b380000, 0x0000000799b00000, 0x00000007c0000000)
  eden space 173568K, 100% used [0x000000078b380000,0x0000000795d00000,0x0000000795d00000)
  from space 9728K, 72% used [0x0000000795d00000,0x00000007963e5860,0x0000000796680000)
  to   space 9728K, 0% used [0x0000000799180000,0x0000000799180000,0x0000000799b00000)
 ParOldGen       total 108032K, used 13245K [0x0000000721a00000, 0x0000000728380000, 0x000000078b380000)
  object space 108032K, 12% used [0x0000000721a00000,0x00000007226ef680,0x0000000728380000)
 Metaspace       used 45252K, capacity 47778K, committed 48000K, reserved 1091584K
  class space    used 6039K, capacity 6688K, committed 6784K, reserved 1048576K
Event: 16.897 GC heap after
Heap after GC invocations=12 (full 2):
 PSYoungGen      total 223232K, used 9710K [0x000000078b380000, 0x000000079a100000, 0x00000007c0000000)
  eden space 213504K, 0% used [0x000000078b380000,0x000000078b380000,0x0000000798400000)
  from space 9728K, 99% used [0x0000000799180000,0x0000000799afb890,0x0000000799b00000)
  to   space 13824K, 0% used [0x0000000798400000,0x0000000798400000,0x0000000799180000)
 ParOldGen       total 108032K, used 21629K [0x0000000721a00000, 0x0000000728380000, 0x000000078b380000)
  object space 108032K, 20% used [0x0000000721a00000,0x0000000722f1f6b8,0x0000000728380000)
 Metaspace       used 45252K, capacity 47778K, committed 48000K, reserved 1091584K
  class space    used 6039K, capacity 6688K, committed 6784K, reserved 1048576K
}
Event: 21.895 GC heap before
{Heap before GC invocations=13 (full 2):
 PSYoungGen      total 223232K, used 223214K [0x000000078b380000, 0x000000079a100000, 0x00000007c0000000)
  eden space 213504K, 100% used [0x000000078b380000,0x0000000798400000,0x0000000798400000)
  from space 9728K, 99% used [0x0000000799180000,0x0000000799afb890,0x0000000799b00000)
  to   space 13824K, 0% used [0x0000000798400000,0x0000000798400000,0x0000000799180000)
 ParOldGen       total 108032K, used 21629K [0x0000000721a00000, 0x0000000728380000, 0x000000078b380000)
  object space 108032K, 20% used [0x0000000721a00000,0x0000000722f1f6b8,0x0000000728380000)
 Metaspace       used 52410K, capacity 55404K, committed 55680K, reserved 1097728K
  class space    used 7016K, capacity 7794K, committed 7808K, reserved 1048576K
Event: 21.933 GC heap after
Heap after GC invocations=13 (full 2):
 PSYoungGen      total 227328K, used 13806K [0x000000078b380000, 0x000000079a100000, 0x00000007c0000000)
  eden space 213504K, 0% used [0x000000078b380000,0x000000078b380000,0x0000000798400000)
  from space 13824K, 99% used [0x0000000798400000,0x000000079917b838,0x0000000799180000)
  to   space 9728K, 0% used [0x0000000799180000,0x0000000799180000,0x0000000799b00000)
 ParOldGen       total 108032K, used 27436K [0x0000000721a00000, 0x0000000728380000, 0x000000078b380000)
  object space 108032K, 25% used [0x0000000721a00000,0x00000007234cb008,0x0000000728380000)
 Metaspace       used 52410K, capacity 55404K, committed 55680K, reserved 1097728K
  class space    used 7016K, capacity 7794K, committed 7808K, reserved 1048576K
}
Event: 26.164 GC heap before
{Heap before GC invocations=14 (full 2):
 PSYoungGen      total 227328K, used 169670K [0x000000078b380000, 0x000000079a100000, 0x00000007c0000000)
  eden space 213504K, 73% used [0x000000078b380000,0x0000000794bb6240,0x0000000798400000)
  from space 13824K, 99% used [0x0000000798400000,0x000000079917b838,0x0000000799180000)
  to   space 9728K, 0% used [0x0000000799180000,0x0000000799180000,0x0000000799b00000)
 ParOldGen       total 108032K, used 27436K [0x0000000721a00000, 0x0000000728380000, 0x000000078b380000)
  object space 108032K, 25% used [0x0000000721a00000,0x00000007234cb008,0x0000000728380000)
 Metaspace       used 55935K, capacity 59010K, committed 59096K, reserved 1099776K
  class space    used 7464K, capacity 8288K, committed 8320K, reserved 1048576K
Event: 26.189 GC heap after
Heap after GC invocations=14 (full 2):
 PSYoungGen      total 223232K, used 9711K [0x000000078b380000, 0x000000079a100000, 0x00000007c0000000)
  eden space 213504K, 0% used [0x000000078b380000,0x000000078b380000,0x0000000798400000)
  from space 9728K, 99% used [0x0000000799180000,0x0000000799afbfb8,0x0000000799b00000)
  to   space 13824K, 0% used [0x0000000798400000,0x0000000798400000,0x0000000799180000)
 ParOldGen       total 108032K, used 36017K [0x0000000721a00000, 0x0000000728380000, 0x000000078b380000)
  object space 108032K, 33% used [0x0000000721a00000,0x0000000723d2c628,0x0000000728380000)
 Metaspace       used 55935K, capacity 59010K, committed 59096K, reserved 1099776K
  class space    used 7464K, capacity 8288K, committed 8320K, reserved 1048576K
}
Event: 26.189 GC heap before
{Heap before GC invocations=15 (full 3):
 PSYoungGen      total 223232K, used 9711K [0x000000078b380000, 0x000000079a100000, 0x00000007c0000000)
  eden space 213504K, 0% used [0x000000078b380000,0x000000078b380000,0x0000000798400000)
  from space 9728K, 99% used [0x0000000799180000,0x0000000799afbfb8,0x0000000799b00000)
  to   space 13824K, 0% used [0x0000000798400000,0x0000000798400000,0x0000000799180000)
 ParOldGen       total 108032K, used 36017K [0x0000000721a00000, 0x0000000728380000, 0x000000078b380000)
  object space 108032K, 33% used [0x0000000721a00000,0x0000000723d2c628,0x0000000728380000)
 Metaspace       used 55935K, capacity 59010K, committed 59096K, reserved 1099776K
  class space    used 7464K, capacity 8288K, committed 8320K, reserved 1048576K
Event: 26.516 GC heap after
Heap after GC invocations=15 (full 3):
 PSYoungGen      total 223232K, used 0K [0x000000078b380000, 0x000000079a100000, 0x00000007c0000000)
  eden space 213504K, 0% used [0x000000078b380000,0x000000078b380000,0x0000000798400000)
  from space 9728K, 0% used [0x0000000799180000,0x0000000799180000,0x0000000799b00000)
  to   space 13824K, 0% used [0x0000000798400000,0x0000000798400000,0x0000000799180000)
 ParOldGen       total 171520K, used 32990K [0x0000000721a00000, 0x000000072c180000, 0x000000078b380000)
  object space 171520K, 19% used [0x0000000721a00000,0x0000000723a37ad8,0x000000072c180000)
 Metaspace       used 55927K, capacity 58998K, committed 59096K, reserved 1099776K
  class space    used 7463K, capacity 8284K, committed 8320K, reserved 1048576K
}

