# JRE version: Java(TM) SE Runtime Environment (8.0_341-b10) (build 1.8.0_341-b10)
# Java VM: Java HotSpot(TM) 64-Bit Server VM (25.341-b10 mixed mode windows-amd64 compressed oops)
Heap:
 PSYoungGen      total 237568K, used 47991K [0x000000078b380000, 0x000000079f400000, 0x00000007c0000000)
  eden space 217600K, 22% used [0x000000078b380000,0x000000078e25de80,0x0000000798800000)
  from space 19968K, 0% used [0x0000000798800000,0x0000000798800000,0x0000000799b80000)
  to   space 20992K, 0% used [0x000000079df80000,0x000000079df80000,0x000000079f400000)
 ParOldGen       total 166400K, used 29528K [0x0000000721a00000, 0x000000072bc80000, 0x000000078b380000)
  object space 166400K, 17% used [0x0000000721a00000,0x00000007236d6290,0x000000072bc80000)
 Metaspace       used 56070K, capacity 59252K, committed 59352K, reserved 1099776K
  class space    used 7478K, capacity 8310K, committed 8320K, reserved 1048576K
GC Heap History (10 events):
Event: 14.380 GC heap before
{Heap before GC invocations=12 (full 2):
 PSYoungGen      total 182784K, used 179663K [0x000000078b380000, 0x0000000797f80000, 0x00000007c0000000)
  eden space 173056K, 100% used [0x000000078b380000,0x0000000795c80000,0x0000000795c80000)
  from space 9728K, 67% used [0x0000000795c80000,0x00000007962f3c38,0x0000000796600000)
  to   space 9728K, 0% used [0x0000000797600000,0x0000000797600000,0x0000000797f80000)
 ParOldGen       total 116224K, used 12911K [0x0000000721a00000, 0x0000000728b80000, 0x000000078b380000)
  object space 116224K, 11% used [0x0000000721a00000,0x000000072269be88,0x0000000728b80000)
 Metaspace       used 45062K, capacity 47552K, committed 47744K, reserved 1089536K
  class space    used 6017K, capacity 6667K, committed 6784K, reserved 1048576K
Event: 14.413 GC heap after
Heap after GC invocations=12 (full 2):
 PSYoungGen      total 195584K, used 9724K [0x000000078b380000, 0x0000000799580000, 0x00000007c0000000)
  eden space 185856K, 0% used [0x000000078b380000,0x000000078b380000,0x0000000796900000)
  from space 9728K, 99% used [0x0000000797600000,0x0000000797f7f038,0x0000000797f80000)
  to   space 13312K, 0% used [0x0000000796900000,0x0000000796900000,0x0000000797600000)
 ParOldGen       total 116224K, used 21136K [0x0000000721a00000, 0x0000000728b80000, 0x000000078b380000)
  object space 116224K, 18% used [0x0000000721a00000,0x0000000722ea4050,0x0000000728b80000)
 Metaspace       used 45062K, capacity 47552K, committed 47744K, reserved 1089536K
  class space    used 6017K, capacity 6667K, committed 6784K, reserved 1048576K
}
Event: 20.129 GC heap before
{Heap before GC invocations=13 (full 2):
 PSYoungGen      total 195584K, used 195580K [0x000000078b380000, 0x0000000799580000, 0x00000007c0000000)
  eden space 185856K, 100% used [0x000000078b380000,0x0000000796900000,0x0000000796900000)
  from space 9728K, 99% used [0x0000000797600000,0x0000000797f7f038,0x0000000797f80000)
  to   space 13312K, 0% used [0x0000000796900000,0x0000000796900000,0x0000000797600000)
 ParOldGen       total 116224K, used 21136K [0x0000000721a00000, 0x0000000728b80000, 0x000000078b380000)
  object space 116224K, 18% used [0x0000000721a00000,0x0000000722ea4050,0x0000000728b80000)
 Metaspace       used 49056K, capacity 51950K, committed 52352K, reserved 1093632K
  class space    used 6667K, capacity 7425K, committed 7552K, reserved 1048576K
Event: 20.206 GC heap after
Heap after GC invocations=13 (full 2):
 PSYoungGen      total 199168K, used 13311K [0x000000078b380000, 0x000000079ab80000, 0x00000007c0000000)
  eden space 185856K, 0% used [0x000000078b380000,0x000000078b380000,0x0000000796900000)
  from space 13312K, 99% used [0x0000000796900000,0x00000007975ffed0,0x0000000797600000)
  to   space 16384K, 0% used [0x0000000799b80000,0x0000000799b80000,0x000000079ab80000)
 ParOldGen       total 116224K, used 24240K [0x0000000721a00000, 0x0000000728b80000, 0x000000078b380000)
  object space 116224K, 20% used [0x0000000721a00000,0x00000007231ac318,0x0000000728b80000)
 Metaspace       used 49056K, capacity 51950K, committed 52352K, reserved 1093632K
  class space    used 6667K, capacity 7425K, committed 7552K, reserved 1048576K
}
Event: 27.247 GC heap before
{Heap before GC invocations=14 (full 2):
 PSYoungGen      total 199168K, used 199167K [0x000000078b380000, 0x000000079ab80000, 0x00000007c0000000)
  eden space 185856K, 100% used [0x000000078b380000,0x0000000796900000,0x0000000796900000)
  from space 13312K, 99% used [0x0000000796900000,0x00000007975ffed0,0x0000000797600000)
  to   space 16384K, 0% used [0x0000000799b80000,0x0000000799b80000,0x000000079ab80000)
 ParOldGen       total 116224K, used 24240K [0x0000000721a00000, 0x0000000728b80000, 0x000000078b380000)
  object space 116224K, 20% used [0x0000000721a00000,0x00000007231ac318,0x0000000728b80000)
 Metaspace       used 55842K, capacity 58946K, committed 59008K, reserved 1099776K
  class space    used 7455K, capacity 8278K, committed 8320K, reserved 1048576K
Event: 27.294 GC heap after
Heap after GC invocations=14 (full 2):
 PSYoungGen      total 233984K, used 16374K [0x000000078b380000, 0x000000079b000000, 0x00000007c0000000)
  eden space 217600K, 0% used [0x000000078b380000,0x000000078b380000,0x0000000798800000)
  from space 16384K, 99% used [0x0000000799b80000,0x000000079ab7d990,0x000000079ab80000)
  to   space 19968K, 0% used [0x0000000798800000,0x0000000798800000,0x0000000799b80000)
 ParOldGen       total 116224K, used 29078K [0x0000000721a00000, 0x0000000728b80000, 0x000000078b380000)
  object space 116224K, 25% used [0x0000000721a00000,0x0000000723665840,0x0000000728b80000)
 Metaspace       used 55842K, capacity 58946K, committed 59008K, reserved 1099776K
  class space    used 7455K, capacity 8278K, committed 8320K, reserved 1048576K
}
Event: 28.204 GC heap before
{Heap before GC invocations=15 (full 2):
 PSYoungGen      total 233984K, used 26736K [0x000000078b380000, 0x000000079b000000, 0x00000007c0000000)
  eden space 217600K, 4% used [0x000000078b380000,0x000000078bd9e768,0x0000000798800000)
  from space 16384K, 99% used [0x0000000799b80000,0x000000079ab7d990,0x000000079ab80000)
  to   space 19968K, 0% used [0x0000000798800000,0x0000000798800000,0x0000000799b80000)
 ParOldGen       total 116224K, used 29078K [0x0000000721a00000, 0x0000000728b80000, 0x000000078b380000)
  object space 116224K, 25% used [0x0000000721a00000,0x0000000723665840,0x0000000728b80000)
 Metaspace       used 55888K, capacity 59060K, committed 59096K, reserved 1099776K
  class space    used 7460K, capacity 8287K, committed 8320K, reserved 1048576K
Event: 28.283 GC heap after
Heap after GC invocations=15 (full 2):
 PSYoungGen      total 237568K, used 14815K [0x000000078b380000, 0x000000079f400000, 0x00000007c0000000)
  eden space 217600K, 0% used [0x000000078b380000,0x000000078b380000,0x0000000798800000)
  from space 19968K, 74% used [0x0000000798800000,0x0000000799677ed0,0x0000000799b80000)
  to   space 20992K, 0% used [0x000000079df80000,0x000000079df80000,0x000000079f400000)
 ParOldGen       total 116224K, used 29078K [0x0000000721a00000, 0x0000000728b80000, 0x000000078b380000)
  object space 116224K, 25% used [0x0000000721a00000,0x0000000723665840,0x0000000728b80000)
 Metaspace       used 55888K, capacity 59060K, committed 59096K, reserved 1099776K
  class space    used 7460K, capacity 8287K, committed 8320K, reserved 1048576K
}
Event: 28.283 GC heap before
{Heap before GC invocations=16 (full 3):
 PSYoungGen      total 237568K, used 14815K [0x000000078b380000, 0x000000079f400000, 0x00000007c0000000)
  eden space 217600K, 0% used [0x000000078b380000,0x000000078b380000,0x0000000798800000)
  from space 19968K, 74% used [0x0000000798800000,0x0000000799677ed0,0x0000000799b80000)
  to   space 20992K, 0% used [0x000000079df80000,0x000000079df80000,0x000000079f400000)
 ParOldGen       total 116224K, used 29078K [0x0000000721a00000, 0x0000000728b80000, 0x000000078b380000)
  object space 116224K, 25% used [0x0000000721a00000,0x0000000723665840,0x0000000728b80000)
 Metaspace       used 55888K, capacity 59060K, committed 59096K, reserved 1099776K
  class space    used 7460K, capacity 8287K, committed 8320K, reserved 1048576K
Event: 28.832 GC heap after
Heap after GC invocations=16 (full 3):
 PSYoungGen      total 237568K, used 0K [0x000000078b380000, 0x000000079f400000, 0x00000007c0000000)
  eden space 217600K, 0% used [0x000000078b380000,0x000000078b380000,0x0000000798800000)
  from space 19968K, 0% used [0x0000000798800000,0x0000000798800000,0x0000000799b80000)
  to   space 20992K, 0% used [0x000000079df80000,0x000000079df80000,0x000000079f400000)
 ParOldGen       total 166400K, used 29528K [0x0000000721a00000, 0x000000072bc80000, 0x000000078b380000)
  object space 166400K, 17% used [0x0000000721a00000,0x00000007236d6290,0x000000072bc80000)
 Metaspace       used 55879K, capacity 59048K, committed 59096K, reserved 1099776K
  class space    used 7458K, capacity 8283K, committed 8320K, reserved 1048576K
}

