# JRE version: Java(TM) SE Runtime Environment (8.0_341-b10) (build 1.8.0_341-b10)
# Java VM: Java HotSpot(TM) 64-Bit Server VM (25.341-b10 mixed mode windows-amd64 compressed oops)
Heap:
 PSYoungGen      total 246272K, used 20882K [0x000000078b380000, 0x000000079bc00000, 0x00000007c0000000)
  eden space 228864K, 7% used [0x000000078b380000,0x000000078c497cd8,0x0000000799300000)
  from space 17408K, 19% used [0x000000079ab00000,0x000000079ae4cc38,0x000000079bc00000)
  to   space 20992K, 0% used [0x0000000799300000,0x0000000799300000,0x000000079a780000)
 ParOldGen       total 168960K, used 30963K [0x0000000721a00000, 0x000000072bf00000, 0x000000078b380000)
  object space 168960K, 18% used [0x0000000721a00000,0x000000072383ce80,0x000000072bf00000)
 Metaspace       used 59067K, capacity 62718K, committed 62976K, reserved 1103872K
  class space    used 7749K, capacity 8692K, committed 8704K, reserved 1048576K
GC Heap History (10 events):
Event: 30.299 GC heap before
{Heap before GC invocations=19 (full 3):
 PSYoungGen      total 212992K, used 17387K [0x000000078b380000, 0x0000000799b80000, 0x00000007c0000000)
  eden space 192512K, 0% used [0x000000078b380000,0x000000078b380000,0x0000000796f80000)
  from space 20480K, 84% used [0x0000000798580000,0x000000079967ae48,0x0000000799980000)
  to   space 22528K, 0% used [0x0000000796f80000,0x0000000796f80000,0x0000000798580000)
 ParOldGen       total 109568K, used 24827K [0x0000000721a00000, 0x0000000728500000, 0x000000078b380000)
  object space 109568K, 22% used [0x0000000721a00000,0x000000072323efb8,0x0000000728500000)
 Metaspace       used 55888K, capacity 59010K, committed 59096K, reserved 1099776K
  class space    used 7460K, capacity 8288K, committed 8320K, reserved 1048576K
Event: 30.711 GC heap after
Heap after GC invocations=19 (full 3):
 PSYoungGen      total 212992K, used 0K [0x000000078b380000, 0x0000000799b80000, 0x00000007c0000000)
  eden space 192512K, 0% used [0x000000078b380000,0x000000078b380000,0x0000000796f80000)
  from space 20480K, 0% used [0x0000000798580000,0x0000000798580000,0x0000000799980000)
  to   space 22528K, 0% used [0x0000000796f80000,0x0000000796f80000,0x0000000798580000)
 ParOldGen       total 168960K, used 30931K [0x0000000721a00000, 0x000000072bf00000, 0x000000078b380000)
  object space 168960K, 18% used [0x0000000721a00000,0x0000000723834e80,0x000000072bf00000)
 Metaspace       used 55880K, capacity 58998K, committed 59096K, reserved 1099776K
  class space    used 7459K, capacity 8284K, committed 8320K, reserved 1048576K
}
Event: 41.205 GC heap before
{Heap before GC invocations=20 (full 3):
 PSYoungGen      total 212992K, used 192512K [0x000000078b380000, 0x0000000799b80000, 0x00000007c0000000)
  eden space 192512K, 100% used [0x000000078b380000,0x0000000796f80000,0x0000000796f80000)
  from space 20480K, 0% used [0x0000000798580000,0x0000000798580000,0x0000000799980000)
  to   space 22528K, 0% used [0x0000000796f80000,0x0000000796f80000,0x0000000798580000)
 ParOldGen       total 168960K, used 30931K [0x0000000721a00000, 0x000000072bf00000, 0x000000078b380000)
  object space 168960K, 18% used [0x0000000721a00000,0x0000000723834e80,0x000000072bf00000)
 Metaspace       used 56740K, capacity 60182K, committed 60544K, reserved 1101824K
  class space    used 7554K, capacity 8468K, committed 8576K, reserved 1048576K
Event: 41.214 GC heap after
Heap after GC invocations=20 (full 3):
 PSYoungGen      total 215040K, used 2336K [0x000000078b380000, 0x000000079b380000, 0x00000007c0000000)
  eden space 192512K, 0% used [0x000000078b380000,0x000000078b380000,0x0000000796f80000)
  from space 22528K, 10% used [0x0000000796f80000,0x00000007971c8000,0x0000000798580000)
  to   space 22528K, 0% used [0x0000000799d80000,0x0000000799d80000,0x000000079b380000)
 ParOldGen       total 168960K, used 30939K [0x0000000721a00000, 0x000000072bf00000, 0x000000078b380000)
  object space 168960K, 18% used [0x0000000721a00000,0x0000000723836e80,0x000000072bf00000)
 Metaspace       used 56740K, capacity 60182K, committed 60544K, reserved 1101824K
  class space    used 7554K, capacity 8468K, committed 8576K, reserved 1048576K
}
Event: 50.105 GC heap before
{Heap before GC invocations=21 (full 3):
 PSYoungGen      total 215040K, used 194848K [0x000000078b380000, 0x000000079b380000, 0x00000007c0000000)
  eden space 192512K, 100% used [0x000000078b380000,0x0000000796f80000,0x0000000796f80000)
  from space 22528K, 10% used [0x0000000796f80000,0x00000007971c8000,0x0000000798580000)
  to   space 22528K, 0% used [0x0000000799d80000,0x0000000799d80000,0x000000079b380000)
 ParOldGen       total 168960K, used 30939K [0x0000000721a00000, 0x000000072bf00000, 0x000000078b380000)
  object space 168960K, 18% used [0x0000000721a00000,0x0000000723836e80,0x000000072bf00000)
 Metaspace       used 57152K, capacity 60738K, committed 60800K, reserved 1101824K
  class space    used 7574K, capacity 8525K, committed 8576K, reserved 1048576K
Event: 50.112 GC heap after
Heap after GC invocations=21 (full 3):
 PSYoungGen      total 230400K, used 2592K [0x000000078b380000, 0x000000079ae80000, 0x00000007c0000000)
  eden space 212992K, 0% used [0x000000078b380000,0x000000078b380000,0x0000000798380000)
  from space 17408K, 14% used [0x0000000799d80000,0x000000079a008000,0x000000079ae80000)
  to   space 22016K, 0% used [0x0000000798380000,0x0000000798380000,0x0000000799900000)
 ParOldGen       total 168960K, used 30947K [0x0000000721a00000, 0x000000072bf00000, 0x000000078b380000)
  object space 168960K, 18% used [0x0000000721a00000,0x0000000723838e80,0x000000072bf00000)
 Metaspace       used 57152K, capacity 60738K, committed 60800K, reserved 1101824K
  class space    used 7574K, capacity 8525K, committed 8576K, reserved 1048576K
}
Event: 59.731 GC heap before
{Heap before GC invocations=22 (full 3):
 PSYoungGen      total 230400K, used 215584K [0x000000078b380000, 0x000000079ae80000, 0x00000007c0000000)
  eden space 212992K, 100% used [0x000000078b380000,0x0000000798380000,0x0000000798380000)
  from space 17408K, 14% used [0x0000000799d80000,0x000000079a008000,0x000000079ae80000)
  to   space 22016K, 0% used [0x0000000798380000,0x0000000798380000,0x0000000799900000)
 ParOldGen       total 168960K, used 30947K [0x0000000721a00000, 0x000000072bf00000, 0x000000078b380000)
  object space 168960K, 18% used [0x0000000721a00000,0x0000000723838e80,0x000000072bf00000)
 Metaspace       used 57489K, capacity 61168K, committed 61312K, reserved 1101824K
  class space    used 7585K, capacity 8543K, committed 8576K, reserved 1048576K
Event: 59.745 GC heap after
Heap after GC invocations=22 (full 3):
 PSYoungGen      total 235008K, used 3072K [0x000000078b380000, 0x000000079c000000, 0x00000007c0000000)
  eden space 212992K, 0% used [0x000000078b380000,0x000000078b380000,0x0000000798380000)
  from space 22016K, 13% used [0x0000000798380000,0x0000000798680040,0x0000000799900000)
  to   space 21504K, 0% used [0x000000079ab00000,0x000000079ab00000,0x000000079c000000)
 ParOldGen       total 168960K, used 30955K [0x0000000721a00000, 0x000000072bf00000, 0x000000078b380000)
  object space 168960K, 18% used [0x0000000721a00000,0x000000072383ae80,0x000000072bf00000)
 Metaspace       used 57489K, capacity 61168K, committed 61312K, reserved 1101824K
  class space    used 7585K, capacity 8543K, committed 8576K, reserved 1048576K
}
Event: 70.221 GC heap before
{Heap before GC invocations=23 (full 3):
 PSYoungGen      total 235008K, used 216064K [0x000000078b380000, 0x000000079c000000, 0x00000007c0000000)
  eden space 212992K, 100% used [0x000000078b380000,0x0000000798380000,0x0000000798380000)
  from space 22016K, 13% used [0x0000000798380000,0x0000000798680040,0x0000000799900000)
  to   space 21504K, 0% used [0x000000079ab00000,0x000000079ab00000,0x000000079c000000)
 ParOldGen       total 168960K, used 30955K [0x0000000721a00000, 0x000000072bf00000, 0x000000078b380000)
  object space 168960K, 18% used [0x0000000721a00000,0x000000072383ae80,0x000000072bf00000)
 Metaspace       used 58270K, capacity 61908K, committed 62208K, reserved 1103872K
  class space    used 7662K, capacity 8615K, committed 8704K, reserved 1048576K
Event: 70.235 GC heap after
Heap after GC invocations=23 (full 3):
 PSYoungGen      total 246272K, used 3379K [0x000000078b380000, 0x000000079bc00000, 0x00000007c0000000)
  eden space 228864K, 0% used [0x000000078b380000,0x000000078b380000,0x0000000799300000)
  from space 17408K, 19% used [0x000000079ab00000,0x000000079ae4cc38,0x000000079bc00000)
  to   space 20992K, 0% used [0x0000000799300000,0x0000000799300000,0x000000079a780000)
 ParOldGen       total 168960K, used 30963K [0x0000000721a00000, 0x000000072bf00000, 0x000000078b380000)
  object space 168960K, 18% used [0x0000000721a00000,0x000000072383ce80,0x000000072bf00000)
 Metaspace       used 58270K, capacity 61908K, committed 62208K, reserved 1103872K
  class space    used 7662K, capacity 8615K, committed 8704K, reserved 1048576K
}

