-------------------------------------------------------------------------------
Test set: Create new sections
-------------------------------------------------------------------------------
Tests run: 1, Failures: 1, Errors: 0, Skipped: 0, Time elapsed: 0.183 s <<< FAILURE! - in Create new sections
Create new sections.Post create new sections  Time elapsed: 0.183 s  <<< FAILURE!
java.lang.AssertionError: 
1 expectation failed.
Expected status code <200> but was <403>.


