-------------------------------------------------------------------------------
Test set: Testing todoist API for Delete a Label endpoint
-------------------------------------------------------------------------------
Tests run: 3, Failures: 1, Errors: 0, Skipped: 0, Time elapsed: 2.344 s <<< FAILURE! - in Testing todoist API for Delete a Label endpoint
Testing todoist API for Delete a Label endpoint.Delete a label with invalid id  Time elapsed: 0.869 s  <<< FAILURE!
java.lang.AssertionError: 
1 expectation failed.
Expected status code <404> but was <204>.


