-------------------------------------------------------------------------------
Test set: Testing Todoist API for Create New User Endpoint
-------------------------------------------------------------------------------
Tests run: 4, Failures: 1, Errors: 0, Skipped: 0, Time elapsed: 2.622 s <<< FAILURE! - in Testing Todoist API for Create New User Endpoint
Testing Todoist API for Create New User Endpoint.Create a new label with valid json request  Time elapsed: 0.467 s  <<< FAILURE!
java.lang.AssertionError: 
1 expectation failed.
Expected status code <200> but was <400>.


