-------------------------------------------------------------------------------
Test set: Update sections
-------------------------------------------------------------------------------
Tests run: 1, Failures: 1, Errors: 0, Skipped: 0, Time elapsed: 0.114 s <<< FAILURE! - in Update sections
Update sections.Post Update a sections  Time elapsed: 0.114 s  <<< FAILURE!
java.lang.AssertionError: 
1 expectation failed.
Expected status code <200> but was <403>.


