<?xml version="1.0" encoding="UTF-8"?><testsuite errors="0" failures="1" name="Testing Todoist API for Rename Shared Label Endpoint" skipped="0" tests="4" time="2.25" timestamp="2023-01-20 02:30:17"><testcase name="Rename shared label with valid label"/><testcase name="Rename shared label with invalid label"><failure message="1 expectation failed.&#10;Expected status code &lt;404&gt; but was &lt;204&gt;.&#10;" type="java.lang.AssertionError">1 expectation failed.
Expected status code &lt;404&gt; but was &lt;204&gt;.
</failure><system-err>1 expectation failed.
Expected status code &lt;404&gt; but was &lt;204&gt;.
&#13;
io.restassured.internal.ResponseSpecificationImpl.validateResponseIfRequired(ResponseSpecificationImpl.groovy:674)&#13;
io.restassured.internal.ResponseSpecificationImpl.statusCode(ResponseSpecificationImpl.groovy:126)&#13;
io.restassured.internal.ResponseSpecificationImpl.statusCode(ResponseSpecificationImpl.groovy:134)&#13;
io.restassured.internal.ValidatableResponseOptionsImpl.statusCode(ValidatableResponseOptionsImpl.java:89)&#13;
io.restassured.internal.ValidatableResponseImpl.super$2$statusCode(ValidatableResponseImpl.groovy)&#13;
groovy.lang.MetaMethod.doMethodInvoke(MetaMethod.java:323)&#13;
groovy.lang.MetaClassImpl.invokeMethod(MetaClassImpl.java:1267)&#13;
io.restassured.internal.ValidatableResponseImpl.statusCode(ValidatableResponseImpl.groovy:142)&#13;
io.restassured.internal.ValidatableResponseImpl.statusCode(ValidatableResponseImpl.groovy)&#13;
starter.todoist.postCreateLabel.CreateLabelStepdefs.shouldReturnStatusCode(CreateLabelStepdefs.java:34)&#13;
✽.API should return status code 404(classpath:features/Todoist/RenameSharedLabel.feature:12)&#13;
</system-err></testcase><testcase name="Rename shared label with invalid token"/><testcase name="Rename shared label with empty json"/></testsuite>