<?xml version="1.0" encoding="UTF-8"?><testsuite errors="0" failures="1" name="Testing Todoist API for Create New User Endpoint" skipped="0" tests="4" time="2.54" timestamp="2023-01-20 03:11:14"><testcase name="Create a new label with valid json request"><failure message="1 expectation failed.&#10;Expected status code &lt;200&gt; but was &lt;400&gt;.&#10;" type="java.lang.AssertionError">1 expectation failed.
Expected status code &lt;200&gt; but was &lt;400&gt;.
</failure><system-err>1 expectation failed.
Expected status code &lt;200&gt; but was &lt;400&gt;.
&#13;
io.restassured.internal.ResponseSpecificationImpl.validateResponseIfRequired(ResponseSpecificationImpl.groovy:674)&#13;
io.restassured.internal.ResponseSpecificationImpl.statusCode(ResponseSpecificationImpl.groovy:126)&#13;
io.restassured.internal.ResponseSpecificationImpl.statusCode(ResponseSpecificationImpl.groovy:134)&#13;
io.restassured.internal.ValidatableResponseOptionsImpl.statusCode(ValidatableResponseOptionsImpl.java:89)&#13;
io.restassured.internal.ValidatableResponseImpl.super$2$statusCode(ValidatableResponseImpl.groovy)&#13;
groovy.lang.MetaMethod.doMethodInvoke(MetaMethod.java:323)&#13;
groovy.lang.MetaClassImpl.invokeMethod(MetaClassImpl.java:1267)&#13;
io.restassured.internal.ValidatableResponseImpl.statusCode(ValidatableResponseImpl.groovy:142)&#13;
io.restassured.internal.ValidatableResponseImpl.statusCode(ValidatableResponseImpl.groovy)&#13;
starter.todoist.StepDef.LabelsEndpoint.CreateLabelStepdefs.shouldReturnStatusCode(CreateLabelStepdefs.java:34)&#13;
✽.API should return status code 200(classpath:features/Labels/CreateLabel.feature:7)&#13;
</system-err></testcase><testcase name="Create a new label with invalid json"/><testcase name="Create a new label with empty name"/><testcase name="Create a new label with invalid token"/></testsuite>