<?xml version="1.0" encoding="UTF-8"?><testsuite errors="0" failures="2" name="Delete a comment" skipped="0" tests="5" time="7.33" timestamp="2023-01-20 04:37:36"><testcase name="Delete a comment with valid id"/><testcase name="Delete a comment with invalid id"><failure message="1 expectation failed.&#10;Expected status code &lt;404&gt; but was &lt;204&gt;.&#10;" type="java.lang.AssertionError">1 expectation failed.
Expected status code &lt;404&gt; but was &lt;204&gt;.
</failure><system-err>1 expectation failed.
Expected status code &lt;404&gt; but was &lt;204&gt;.
&#13;
io.restassured.internal.ResponseSpecificationImpl.validateResponseIfRequired(ResponseSpecificationImpl.groovy:674)&#13;
io.restassured.internal.ResponseSpecificationImpl.statusCode(ResponseSpecificationImpl.groovy:126)&#13;
io.restassured.internal.ResponseSpecificationImpl.statusCode(ResponseSpecificationImpl.groovy:134)&#13;
io.restassured.internal.ValidatableResponseOptionsImpl.statusCode(ValidatableResponseOptionsImpl.java:89)&#13;
io.restassured.internal.ValidatableResponseImpl.super$2$statusCode(ValidatableResponseImpl.groovy)&#13;
groovy.lang.MetaMethod.doMethodInvoke(MetaMethod.java:323)&#13;
groovy.lang.MetaClassImpl.invokeMethod(MetaClassImpl.java:1267)&#13;
io.restassured.internal.ValidatableResponseImpl.statusCode(ValidatableResponseImpl.groovy:142)&#13;
io.restassured.internal.ValidatableResponseImpl.statusCode(ValidatableResponseImpl.groovy)&#13;
starter.todoist.StepDef.CommentEndpoint.CreateNewCommentStepDef.shouldReturnStatusCode(CreateNewCommentStepDef.java:38)&#13;
✽.Should return status code 404(classpath:features/Comments/DeleteComment.feature:11)&#13;
</system-err></testcase><testcase name="Delete a comment without authentication"/><testcase name="Delete a comment with unregistered id"><failure message="1 expectation failed.&#10;Expected status code &lt;404&gt; but was &lt;204&gt;.&#10;" type="java.lang.AssertionError">1 expectation failed.
Expected status code &lt;404&gt; but was &lt;204&gt;.
</failure><system-err>1 expectation failed.
Expected status code &lt;404&gt; but was &lt;204&gt;.
&#13;
io.restassured.internal.ResponseSpecificationImpl.validateResponseIfRequired(ResponseSpecificationImpl.groovy:674)&#13;
io.restassured.internal.ResponseSpecificationImpl.statusCode(ResponseSpecificationImpl.groovy:126)&#13;
io.restassured.internal.ResponseSpecificationImpl.statusCode(ResponseSpecificationImpl.groovy:134)&#13;
io.restassured.internal.ValidatableResponseOptionsImpl.statusCode(ValidatableResponseOptionsImpl.java:89)&#13;
io.restassured.internal.ValidatableResponseImpl.super$2$statusCode(ValidatableResponseImpl.groovy)&#13;
groovy.lang.MetaMethod.doMethodInvoke(MetaMethod.java:323)&#13;
groovy.lang.MetaClassImpl.invokeMethod(MetaClassImpl.java:1267)&#13;
io.restassured.internal.ValidatableResponseImpl.statusCode(ValidatableResponseImpl.groovy:142)&#13;
io.restassured.internal.ValidatableResponseImpl.statusCode(ValidatableResponseImpl.groovy)&#13;
starter.todoist.StepDef.CommentEndpoint.CreateNewCommentStepDef.shouldReturnStatusCode(CreateNewCommentStepDef.java:38)&#13;
✽.Should return status code 404(classpath:features/Comments/DeleteComment.feature:21)&#13;
</system-err></testcase><testcase name="Delete a comment with invalid path"/></testsuite>